WpfPersistenciaInterfaz.exe Information: 0 : No existe el fichero de pesonalización 
    DateTime=2020-10-08T16:49:28.6152654Z
WpfPersistenciaInterfaz.exe Information: 0 : Escribiendo el fichero de pesonalización 
    DateTime=2020-10-08T16:49:33.1272415Z
WpfPersistenciaInterfaz.exe Information: 0 : No existe el fichero de pesonalización 
    DateTime=2020-10-08T16:50:53.4130625Z
WpfPersistenciaInterfaz.exe Information: 0 : Escribiendo el fichero de pesonalización 
    DateTime=2020-10-08T16:50:56.6247083Z
WpfPersistenciaInterfaz.exe Information: 0 : No existe el fichero de pesonalización 
    DateTime=2020-10-08T16:55:08.3118939Z
WpfPersistenciaInterfaz.exe Information: 0 : Escribiendo el fichero de pesonalización 
    DateTime=2020-10-08T16:55:35.5226913Z
WpfPersistenciaInterfaz.exe Information: 0 : No existe el fichero de pesonalización personalizacion
    DateTime=2020-10-08T16:56:49.8655386Z
WpfPersistenciaInterfaz.exe Information: 0 : Escribiendo el fichero de pesonalización personalizacion
    DateTime=2020-10-08T16:56:53.5907398Z
WpfPersistenciaInterfaz.exe Information: 0 : Cargando el fichero de pesonalización personalizacion
    DateTime=2020-10-08T17:15:51.6844189Z
WpfPersistenciaInterfaz.exe Information: 0 : Escribiendo el fichero de pesonalización personalizacion
    DateTime=2020-10-08T17:15:59.4339852Z
WpfPersistenciaInterfaz.exe Information: 0 : Cargando el fichero de pesonalización personalizacion
    DateTime=2020-10-08T17:16:12.9256979Z
WpfPersistenciaInterfaz.exe Information: 0 : Escribiendo el fichero de pesonalización personalizacion
    DateTime=2020-10-08T17:16:16.2736323Z
